<?xml version="1.0" encoding="UTF-8"?>
<!-- Generated by org.testng.reporters.JUnitReportReporter -->
<testsuite skipped="0" hostname="VW7SD0056" name="saif.APITest" tests="2" failures="0" timestamp="10 Apr 2019 20:36:43 GMT" time="0.000" errors="0">
  <testcase name="element6" time="0.000" classname="saif.APITest"/>
  <testcase name="element5" time="0.000" classname="saif.APITest"/>
</testsuite> <!-- saif.APITest -->
