<?xml version="1.0" encoding="UTF-8"?>
<!-- Generated by org.testng.reporters.JUnitReportReporter -->
<testsuite skipped="0" hostname="VW7SD0056" name="saif.AppTest" tests="1" failures="0" timestamp="10 Apr 2019 20:36:43 GMT" time="0.016" errors="0">
  <testcase name="shouldAnswerWithTrue" time="0.016" classname="saif.AppTest"/>
</testsuite> <!-- saif.AppTest -->
