<?xml version="1.0" encoding="UTF-8"?>
<!-- Generated by org.testng.reporters.JUnitReportReporter -->
<testsuite skipped="0" hostname="VW7SD0056" name="saif.AppiumTest" tests="2" failures="0" timestamp="15 Apr 2019 20:37:15 GMT" time="0.000" errors="0">
  <testcase name="element4" time="0.000" classname="saif.AppiumTest"/>
  <testcase name="element3" time="0.000" classname="saif.AppiumTest"/>
</testsuite> <!-- saif.AppiumTest -->
