<?xml version="1.0" encoding="UTF-8"?>
<!-- Generated by org.testng.reporters.JUnitReportReporter -->
<testsuite hostname="VW7SD0056" failures="0" tests="2" name="saif.APITest" time="0.008" errors="0" timestamp="15 Apr 2019 20:43:40 GMT" skipped="0">
  <testcase classname="saif.APITest" name="element5" time="0.008"/>
  <testcase classname="saif.APITest" name="element6" time="0.000"/>
</testsuite> <!-- saif.APITest -->
