<?xml version="1.0" encoding="UTF-8"?>
<!-- Generated by org.testng.reporters.JUnitReportReporter -->
<testsuite hostname="VW7SD0056" failures="0" tests="2" name="saif.SeleniumTest" time="0.000" errors="0" timestamp="15 Apr 2019 20:43:24 GMT" skipped="0">
  <testcase classname="saif.SeleniumTest" name="element2" time="0.000"/>
  <testcase classname="saif.SeleniumTest" name="element1" time="0.000"/>
</testsuite> <!-- saif.SeleniumTest -->
