<?xml version="1.0" encoding="UTF-8"?>
<!-- Generated by org.testng.reporters.JUnitReportReporter -->
<testsuite hostname="VW7SD0056" failures="0" tests="2" name="saif.AppiumTest" time="0.000" errors="0" timestamp="15 Apr 2019 20:43:40 GMT" skipped="0">
  <testcase classname="saif.AppiumTest" name="element3" time="0.000"/>
  <testcase classname="saif.AppiumTest" name="element4" time="0.000"/>
</testsuite> <!-- saif.AppiumTest -->
